<?xml version="1.0" encoding="UTF-8"?>
<testsuite xmlns:xsi="http://www.w3.org/2001/XMLSchema-instance" xsi:noNamespaceSchemaLocation="https://maven.apache.org/surefire/maven-surefire-plugin/xsd/surefire-test-report-3.0.xsd" version="3.0" name="TestDeepThought" time="8.064" tests="1" errors="0" skipped="0" failures="0">
  <properties>
    <property name="java.specification.version" value="17"/>
    <property name="sun.jnu.encoding" value="UTF-8"/>
    <property name="java.class.path" value="/Users/marcelovidu/My Drive/Docencia/DevOps/Senac/Laboratorios/GitHub_Actions/actions-senaclab-java-cicd/target/test-classes:/Users/marcelovidu/My Drive/Docencia/DevOps/Senac/Laboratorios/GitHub_Actions/actions-senaclab-java-cicd/target/classes:/Users/marcelovidu/.m2/repository/junit/junit/4.13.2/junit-4.13.2.jar:/Users/marcelovidu/.m2/repository/org/hamcrest/hamcrest-core/1.3/hamcrest-core-1.3.jar:/Users/marcelovidu/.m2/repository/org/eclipse/jetty/jetty-server/10.0.14/jetty-server-10.0.14.jar:/Users/marcelovidu/.m2/repository/org/eclipse/jetty/toolchain/jetty-servlet-api/4.0.6/jetty-servlet-api-4.0.6.jar:/Users/marcelovidu/.m2/repository/org/eclipse/jetty/jetty-http/10.0.14/jetty-http-10.0.14.jar:/Users/marcelovidu/.m2/repository/org/eclipse/jetty/jetty-util/10.0.14/jetty-util-10.0.14.jar:/Users/marcelovidu/.m2/repository/org/eclipse/jetty/jetty-io/10.0.14/jetty-io-10.0.14.jar:/Users/marcelovidu/.m2/repository/org/slf4j/slf4j-api/2.0.5/slf4j-api-2.0.5.jar:/Users/marcelovidu/.m2/repository/org/eclipse/jetty/jetty-servlet/10.0.9/jetty-servlet-10.0.9.jar:/Users/marcelovidu/.m2/repository/org/eclipse/jetty/jetty-security/10.0.9/jetty-security-10.0.9.jar:/Users/marcelovidu/.m2/repository/javax/servlet/javax.servlet-api/4.0.1/javax.servlet-api-4.0.1.jar:/Users/marcelovidu/.m2/repository/org/junit/jupiter/junit-jupiter-api/5.8.2/junit-jupiter-api-5.8.2.jar:/Users/marcelovidu/.m2/repository/org/opentest4j/opentest4j/1.2.0/opentest4j-1.2.0.jar:/Users/marcelovidu/.m2/repository/org/junit/platform/junit-platform-commons/1.8.2/junit-platform-commons-1.8.2.jar:/Users/marcelovidu/.m2/repository/org/apiguardian/apiguardian-api/1.1.2/apiguardian-api-1.1.2.jar:/Users/marcelovidu/.m2/repository/org/junit/jupiter/junit-jupiter-engine/5.8.2/junit-jupiter-engine-5.8.2.jar:/Users/marcelovidu/.m2/repository/org/junit/platform/junit-platform-engine/1.8.2/junit-platform-engine-1.8.2.jar:"/>
    <property name="java.vm.vendor" value="Oracle Corporation"/>
    <property name="sun.arch.data.model" value="64"/>
    <property name="java.vendor.url" value="https://java.oracle.com/"/>
    <property name="os.name" value="Mac OS X"/>
    <property name="java.vm.specification.version" value="17"/>
    <property name="sun.java.launcher" value="SUN_STANDARD"/>
    <property name="user.country" value="BR"/>
    <property name="sun.boot.library.path" value="/Library/Java/JavaVirtualMachines/jdk-17.jdk/Contents/Home/lib"/>
    <property name="sun.java.command" value="/Users/marcelovidu/My Drive/Docencia/DevOps/Senac/Laboratorios/GitHub_Actions/actions-senaclab-java-cicd/target/surefire/surefirebooter-20240922121121344_3.jar /Users/marcelovidu/My Drive/Docencia/DevOps/Senac/Laboratorios/GitHub_Actions/actions-senaclab-java-cicd/target/surefire 2024-09-22T12-11-21_298-jvmRun1 surefire-20240922121121344_1tmp surefire_0-20240922121121344_2tmp"/>
    <property name="http.nonProxyHosts" value="local|*.local|169.254/16|*.169.254/16"/>
    <property name="jdk.debug" value="release"/>
    <property name="surefire.test.class.path" value="/Users/marcelovidu/My Drive/Docencia/DevOps/Senac/Laboratorios/GitHub_Actions/actions-senaclab-java-cicd/target/test-classes:/Users/marcelovidu/My Drive/Docencia/DevOps/Senac/Laboratorios/GitHub_Actions/actions-senaclab-java-cicd/target/classes:/Users/marcelovidu/.m2/repository/junit/junit/4.13.2/junit-4.13.2.jar:/Users/marcelovidu/.m2/repository/org/hamcrest/hamcrest-core/1.3/hamcrest-core-1.3.jar:/Users/marcelovidu/.m2/repository/org/eclipse/jetty/jetty-server/10.0.14/jetty-server-10.0.14.jar:/Users/marcelovidu/.m2/repository/org/eclipse/jetty/toolchain/jetty-servlet-api/4.0.6/jetty-servlet-api-4.0.6.jar:/Users/marcelovidu/.m2/repository/org/eclipse/jetty/jetty-http/10.0.14/jetty-http-10.0.14.jar:/Users/marcelovidu/.m2/repository/org/eclipse/jetty/jetty-util/10.0.14/jetty-util-10.0.14.jar:/Users/marcelovidu/.m2/repository/org/eclipse/jetty/jetty-io/10.0.14/jetty-io-10.0.14.jar:/Users/marcelovidu/.m2/repository/org/slf4j/slf4j-api/2.0.5/slf4j-api-2.0.5.jar:/Users/marcelovidu/.m2/repository/org/eclipse/jetty/jetty-servlet/10.0.9/jetty-servlet-10.0.9.jar:/Users/marcelovidu/.m2/repository/org/eclipse/jetty/jetty-security/10.0.9/jetty-security-10.0.9.jar:/Users/marcelovidu/.m2/repository/javax/servlet/javax.servlet-api/4.0.1/javax.servlet-api-4.0.1.jar:/Users/marcelovidu/.m2/repository/org/junit/jupiter/junit-jupiter-api/5.8.2/junit-jupiter-api-5.8.2.jar:/Users/marcelovidu/.m2/repository/org/opentest4j/opentest4j/1.2.0/opentest4j-1.2.0.jar:/Users/marcelovidu/.m2/repository/org/junit/platform/junit-platform-commons/1.8.2/junit-platform-commons-1.8.2.jar:/Users/marcelovidu/.m2/repository/org/apiguardian/apiguardian-api/1.1.2/apiguardian-api-1.1.2.jar:/Users/marcelovidu/.m2/repository/org/junit/jupiter/junit-jupiter-engine/5.8.2/junit-jupiter-engine-5.8.2.jar:/Users/marcelovidu/.m2/repository/org/junit/platform/junit-platform-engine/1.8.2/junit-platform-engine-1.8.2.jar:"/>
    <property name="sun.cpu.endian" value="little"/>
    <property name="user.home" value="/Users/marcelovidu"/>
    <property name="user.language" value="en"/>
    <property name="java.specification.vendor" value="Oracle Corporation"/>
    <property name="java.version.date" value="2023-04-18"/>
    <property name="java.home" value="/Library/Java/JavaVirtualMachines/jdk-17.jdk/Contents/Home"/>
    <property name="file.separator" value="/"/>
    <property name="basedir" value="/Users/marcelovidu/My Drive/Docencia/DevOps/Senac/Laboratorios/GitHub_Actions/actions-senaclab-java-cicd"/>
    <property name="java.vm.compressedOopsMode" value="Zero based"/>
    <property name="line.separator" value="&#10;"/>
    <property name="java.specification.name" value="Java Platform API Specification"/>
    <property name="java.vm.specification.vendor" value="Oracle Corporation"/>
    <property name="surefire.real.class.path" value="/Users/marcelovidu/My Drive/Docencia/DevOps/Senac/Laboratorios/GitHub_Actions/actions-senaclab-java-cicd/target/surefire/surefirebooter-20240922121121344_3.jar"/>
    <property name="sun.management.compiler" value="HotSpot 64-Bit Tiered Compilers"/>
    <property name="ftp.nonProxyHosts" value="local|*.local|169.254/16|*.169.254/16"/>
    <property name="java.runtime.version" value="17.0.7+8-LTS-224"/>
    <property name="user.name" value="marcelovidu"/>
    <property name="path.separator" value=":"/>
    <property name="os.version" value="15.0"/>
    <property name="java.runtime.name" value="Java(TM) SE Runtime Environment"/>
    <property name="file.encoding" value="UTF-8"/>
    <property name="java.vm.name" value="Java HotSpot(TM) 64-Bit Server VM"/>
    <property name="localRepository" value="/Users/marcelovidu/.m2/repository"/>
    <property name="java.vendor.url.bug" value="https://bugreport.java.com/bugreport/"/>
    <property name="java.io.tmpdir" value="/var/folders/km/_pdcdrk97w16xn6t4yxsl4wr0000gn/T/"/>
    <property name="java.version" value="17.0.7"/>
    <property name="user.dir" value="/Users/marcelovidu/My Drive/Docencia/DevOps/Senac/Laboratorios/GitHub_Actions/actions-senaclab-java-cicd"/>
    <property name="os.arch" value="aarch64"/>
    <property name="java.vm.specification.name" value="Java Virtual Machine Specification"/>
    <property name="native.encoding" value="UTF-8"/>
    <property name="java.library.path" value="/Users/marcelovidu/Library/Java/Extensions:/Library/Java/Extensions:/Network/Library/Java/Extensions:/System/Library/Java/Extensions:/usr/lib/java:."/>
    <property name="java.vm.info" value="mixed mode, sharing"/>
    <property name="java.vendor" value="Oracle Corporation"/>
    <property name="java.vm.version" value="17.0.7+8-LTS-224"/>
    <property name="sun.io.unicode.encoding" value="UnicodeBig"/>
    <property name="socksNonProxyHosts" value="local|*.local|169.254/16|*.169.254/16"/>
    <property name="java.class.version" value="61.0"/>
  </properties>
  <testcase name="testAnswerToAll" classname="TestDeepThought" time="8.056">
    <system-out><![CDATA[You have asked the answer to the Ultimate Question of Life, the Universe, and Everything
I need to think a while about that one, come back again in 7.5 million years...
0 Million years have passed...
1 Million years have passed...
2 Million years have passed...
3 Million years have passed...
4 Million years have passed...
5 Million years have passed...
6 Million years have passed...
7 Million years have passed...
7.5 million years have now passed and I have an answer
]]></system-out>
  </testcase>
</testsuite>